<?xml version="1.0" encoding="UTF-8"?>
<Site BuildName="(empty)"
	BuildStamp="20220306-2347-Experimental"
	Name="LAPTOP-JG45OIBM"
	Generator="ctest-3.22.1"
	CompilerName="C:/Program Files (x86)/Microsoft Visual Studio/2019/Community/VC/Tools/MSVC/14.29.30133/bin/Hostx64/x64/cl.exe"
	CompilerVersion="19.29.30140.0"
	OSName="Windows"
	Hostname="LAPTOP-JG45OIBM"
	OSRelease=" Personal"
	OSVersion=" (Build 19044)"
	OSPlatform="AMD64"
	Is64Bits="1"
	VendorString="GenuineIntel"
	VendorID="Intel Corporation"
	FamilyID="6"
	ModelID="12"
	ProcessorCacheSize="-1"
	NumberOfLogicalCPU="8"
	NumberOfPhysicalCPU="4"
	TotalVirtualMemory="32445"
	TotalPhysicalMemory="16061"
	LogicalProcessorsPerPhysical="2"
	ProcessorClockFrequency="3302"
	>
	<Testing>
		<StartDateTime>Mar 06 17:47 Central Standard Time</StartDateTime>
		<StartTestTime>1646610444</StartTestTime>
		<TestList>
			<Test>./copyright</Test>
			<Test>./cppcheck</Test>
			<Test>./cpplint</Test>
			<Test>./lint_cmake</Test>
			<Test>./uncrustify</Test>
			<Test>./xmllint</Test>
		</TestList>
		<Test Status="passed">
			<Name>copyright</Name>
			<Path>.</Path>
			<FullName>./copyright</FullName>
			<FullCommandLine>C:\Python38\python.exe "-u" "D:/Troy/Extra Curriculars/Turtle/MazeBot/dev/ros2-windows/share/ament_cmake_test/cmake/run_test.py" "D:/Troy/Extra Curriculars/Turtle/MazeBot/dev/ros2-mazebot-project/build/examples_rclcpp_minimal_action_server/test_results/examples_rclcpp_minimal_action_server/copyright.xunit.xml" "--package-name" "examples_rclcpp_minimal_action_server" "--output-file" "D:/Troy/Extra Curriculars/Turtle/MazeBot/dev/ros2-mazebot-project/build/examples_rclcpp_minimal_action_server/ament_copyright/copyright.txt" "--command" "D:/Troy/Extra Curriculars/Turtle/MazeBot/dev/ros2-windows/Scripts/ament_copyright.exe" "--xunit-file" "D:/Troy/Extra Curriculars/Turtle/MazeBot/dev/ros2-mazebot-project/build/examples_rclcpp_minimal_action_server/test_results/examples_rclcpp_minimal_action_server/copyright.xunit.xml"</FullCommandLine>
			<Results>
				<NamedMeasurement type="numeric/double" name="Execution Time">
					<Value>4.23225</Value>
				</NamedMeasurement>
				<NamedMeasurement type="numeric/double" name="Processors">
					<Value>1</Value>
				</NamedMeasurement>
				<NamedMeasurement type="text/string" name="Completion Status">
					<Value>Completed</Value>
				</NamedMeasurement>
				<NamedMeasurement type="text/string" name="Command Line">
					<Value>C:\Python38\python.exe "-u" "D:/Troy/Extra Curriculars/Turtle/MazeBot/dev/ros2-windows/share/ament_cmake_test/cmake/run_test.py" "D:/Troy/Extra Curriculars/Turtle/MazeBot/dev/ros2-mazebot-project/build/examples_rclcpp_minimal_action_server/test_results/examples_rclcpp_minimal_action_server/copyright.xunit.xml" "--package-name" "examples_rclcpp_minimal_action_server" "--output-file" "D:/Troy/Extra Curriculars/Turtle/MazeBot/dev/ros2-mazebot-project/build/examples_rclcpp_minimal_action_server/ament_copyright/copyright.txt" "--command" "D:/Troy/Extra Curriculars/Turtle/MazeBot/dev/ros2-windows/Scripts/ament_copyright.exe" "--xunit-file" "D:/Troy/Extra Curriculars/Turtle/MazeBot/dev/ros2-mazebot-project/build/examples_rclcpp_minimal_action_server/test_results/examples_rclcpp_minimal_action_server/copyright.xunit.xml"</Value>
				</NamedMeasurement>
				<NamedMeasurement type="text/string" name="Environment">
					<Value>#CTEST_RESOURCE_GROUP_COUNT=</Value>
				</NamedMeasurement>
				<Measurement>
					<Value>-- run_test.py: invoking following command in 'D:\Troy\Extra Curriculars\Turtle\MazeBot\dev\ros2-mazebot-project\src\examples\rclcpp\actions\minimal_action_server':
 - D:/Troy/Extra Curriculars/Turtle/MazeBot/dev/ros2-windows/Scripts/ament_copyright.exe --xunit-file D:/Troy/Extra Curriculars/Turtle/MazeBot/dev/ros2-mazebot-project/build/examples_rclcpp_minimal_action_server/test_results/examples_rclcpp_minimal_action_server/copyright.xunit.xml
No problems found, checked 2 files
-- run_test.py: return code 0
-- run_test.py: verify result file 'D:/Troy/Extra Curriculars/Turtle/MazeBot/dev/ros2-mazebot-project/build/examples_rclcpp_minimal_action_server/test_results/examples_rclcpp_minimal_action_server/copyright.xunit.xml'
</Value>
				</Measurement>
			</Results>
			<Labels>
				<Label>copyright</Label>
				<Label>linter</Label>
			</Labels>
		</Test>
		<Test Status="passed">
			<Name>cppcheck</Name>
			<Path>.</Path>
			<FullName>./cppcheck</FullName>
			<FullCommandLine>C:\Python38\python.exe "-u" "D:/Troy/Extra Curriculars/Turtle/MazeBot/dev/ros2-windows/share/ament_cmake_test/cmake/run_test.py" "D:/Troy/Extra Curriculars/Turtle/MazeBot/dev/ros2-mazebot-project/build/examples_rclcpp_minimal_action_server/test_results/examples_rclcpp_minimal_action_server/cppcheck.xunit.xml" "--package-name" "examples_rclcpp_minimal_action_server" "--output-file" "D:/Troy/Extra Curriculars/Turtle/MazeBot/dev/ros2-mazebot-project/build/examples_rclcpp_minimal_action_server/ament_cppcheck/cppcheck.txt" "--command" "D:/Troy/Extra Curriculars/Turtle/MazeBot/dev/ros2-windows/Scripts/ament_cppcheck.exe" "--xunit-file" "D:/Troy/Extra Curriculars/Turtle/MazeBot/dev/ros2-mazebot-project/build/examples_rclcpp_minimal_action_server/test_results/examples_rclcpp_minimal_action_server/cppcheck.xunit.xml"</FullCommandLine>
			<Results>
				<NamedMeasurement type="numeric/double" name="Execution Time">
					<Value>0.900235</Value>
				</NamedMeasurement>
				<NamedMeasurement type="numeric/double" name="Processors">
					<Value>1</Value>
				</NamedMeasurement>
				<NamedMeasurement type="text/string" name="Completion Status">
					<Value>Completed</Value>
				</NamedMeasurement>
				<NamedMeasurement type="text/string" name="Command Line">
					<Value>C:\Python38\python.exe "-u" "D:/Troy/Extra Curriculars/Turtle/MazeBot/dev/ros2-windows/share/ament_cmake_test/cmake/run_test.py" "D:/Troy/Extra Curriculars/Turtle/MazeBot/dev/ros2-mazebot-project/build/examples_rclcpp_minimal_action_server/test_results/examples_rclcpp_minimal_action_server/cppcheck.xunit.xml" "--package-name" "examples_rclcpp_minimal_action_server" "--output-file" "D:/Troy/Extra Curriculars/Turtle/MazeBot/dev/ros2-mazebot-project/build/examples_rclcpp_minimal_action_server/ament_cppcheck/cppcheck.txt" "--command" "D:/Troy/Extra Curriculars/Turtle/MazeBot/dev/ros2-windows/Scripts/ament_cppcheck.exe" "--xunit-file" "D:/Troy/Extra Curriculars/Turtle/MazeBot/dev/ros2-mazebot-project/build/examples_rclcpp_minimal_action_server/test_results/examples_rclcpp_minimal_action_server/cppcheck.xunit.xml"</Value>
				</NamedMeasurement>
				<NamedMeasurement type="text/string" name="Environment">
					<Value>#CTEST_RESOURCE_GROUP_COUNT=</Value>
				</NamedMeasurement>
				<Measurement>
					<Value>-- run_test.py: invoking following command in 'D:\Troy\Extra Curriculars\Turtle\MazeBot\dev\ros2-mazebot-project\src\examples\rclcpp\actions\minimal_action_server':
 - D:/Troy/Extra Curriculars/Turtle/MazeBot/dev/ros2-windows/Scripts/ament_cppcheck.exe --xunit-file D:/Troy/Extra Curriculars/Turtle/MazeBot/dev/ros2-mazebot-project/build/examples_rclcpp_minimal_action_server/test_results/examples_rclcpp_minimal_action_server/cppcheck.xunit.xml
No problems found
-- run_test.py: return code 0
-- run_test.py: verify result file 'D:/Troy/Extra Curriculars/Turtle/MazeBot/dev/ros2-mazebot-project/build/examples_rclcpp_minimal_action_server/test_results/examples_rclcpp_minimal_action_server/cppcheck.xunit.xml'
</Value>
				</Measurement>
			</Results>
			<Labels>
				<Label>cppcheck</Label>
				<Label>linter</Label>
			</Labels>
		</Test>
		<Test Status="passed">
			<Name>cpplint</Name>
			<Path>.</Path>
			<FullName>./cpplint</FullName>
			<FullCommandLine>C:\Python38\python.exe "-u" "D:/Troy/Extra Curriculars/Turtle/MazeBot/dev/ros2-windows/share/ament_cmake_test/cmake/run_test.py" "D:/Troy/Extra Curriculars/Turtle/MazeBot/dev/ros2-mazebot-project/build/examples_rclcpp_minimal_action_server/test_results/examples_rclcpp_minimal_action_server/cpplint.xunit.xml" "--package-name" "examples_rclcpp_minimal_action_server" "--output-file" "D:/Troy/Extra Curriculars/Turtle/MazeBot/dev/ros2-mazebot-project/build/examples_rclcpp_minimal_action_server/ament_cpplint/cpplint.txt" "--command" "D:/Troy/Extra Curriculars/Turtle/MazeBot/dev/ros2-windows/Scripts/ament_cpplint.exe" "--xunit-file" "D:/Troy/Extra Curriculars/Turtle/MazeBot/dev/ros2-mazebot-project/build/examples_rclcpp_minimal_action_server/test_results/examples_rclcpp_minimal_action_server/cpplint.xunit.xml"</FullCommandLine>
			<Results>
				<NamedMeasurement type="numeric/double" name="Execution Time">
					<Value>1.6116</Value>
				</NamedMeasurement>
				<NamedMeasurement type="numeric/double" name="Processors">
					<Value>1</Value>
				</NamedMeasurement>
				<NamedMeasurement type="text/string" name="Completion Status">
					<Value>Completed</Value>
				</NamedMeasurement>
				<NamedMeasurement type="text/string" name="Command Line">
					<Value>C:\Python38\python.exe "-u" "D:/Troy/Extra Curriculars/Turtle/MazeBot/dev/ros2-windows/share/ament_cmake_test/cmake/run_test.py" "D:/Troy/Extra Curriculars/Turtle/MazeBot/dev/ros2-mazebot-project/build/examples_rclcpp_minimal_action_server/test_results/examples_rclcpp_minimal_action_server/cpplint.xunit.xml" "--package-name" "examples_rclcpp_minimal_action_server" "--output-file" "D:/Troy/Extra Curriculars/Turtle/MazeBot/dev/ros2-mazebot-project/build/examples_rclcpp_minimal_action_server/ament_cpplint/cpplint.txt" "--command" "D:/Troy/Extra Curriculars/Turtle/MazeBot/dev/ros2-windows/Scripts/ament_cpplint.exe" "--xunit-file" "D:/Troy/Extra Curriculars/Turtle/MazeBot/dev/ros2-mazebot-project/build/examples_rclcpp_minimal_action_server/test_results/examples_rclcpp_minimal_action_server/cpplint.xunit.xml"</Value>
				</NamedMeasurement>
				<NamedMeasurement type="text/string" name="Environment">
					<Value>#CTEST_RESOURCE_GROUP_COUNT=</Value>
				</NamedMeasurement>
				<Measurement>
					<Value>-- run_test.py: invoking following command in 'D:\Troy\Extra Curriculars\Turtle\MazeBot\dev\ros2-mazebot-project\src\examples\rclcpp\actions\minimal_action_server':
 - D:/Troy/Extra Curriculars/Turtle/MazeBot/dev/ros2-windows/Scripts/ament_cpplint.exe --xunit-file D:/Troy/Extra Curriculars/Turtle/MazeBot/dev/ros2-mazebot-project/build/examples_rclcpp_minimal_action_server/test_results/examples_rclcpp_minimal_action_server/cpplint.xunit.xml
Using '--root=D:\Troy\Extra Curriculars\Turtle\MazeBot\dev\ros2-mazebot-project\src' argument

Done processing D:\Troy\Extra Curriculars\Turtle\MazeBot\dev\ros2-mazebot-project\src\examples\rclcpp\actions\minimal_action_server\member_functions.cpp

Done processing D:\Troy\Extra Curriculars\Turtle\MazeBot\dev\ros2-mazebot-project\src\examples\rclcpp\actions\minimal_action_server\not_composable.cpp

No problems found
-- run_test.py: return code 0
-- run_test.py: verify result file 'D:/Troy/Extra Curriculars/Turtle/MazeBot/dev/ros2-mazebot-project/build/examples_rclcpp_minimal_action_server/test_results/examples_rclcpp_minimal_action_server/cpplint.xunit.xml'
</Value>
				</Measurement>
			</Results>
			<Labels>
				<Label>cpplint</Label>
				<Label>linter</Label>
			</Labels>
		</Test>
		<Test Status="passed">
			<Name>lint_cmake</Name>
			<Path>.</Path>
			<FullName>./lint_cmake</FullName>
			<FullCommandLine>C:\Python38\python.exe "-u" "D:/Troy/Extra Curriculars/Turtle/MazeBot/dev/ros2-windows/share/ament_cmake_test/cmake/run_test.py" "D:/Troy/Extra Curriculars/Turtle/MazeBot/dev/ros2-mazebot-project/build/examples_rclcpp_minimal_action_server/test_results/examples_rclcpp_minimal_action_server/lint_cmake.xunit.xml" "--package-name" "examples_rclcpp_minimal_action_server" "--output-file" "D:/Troy/Extra Curriculars/Turtle/MazeBot/dev/ros2-mazebot-project/build/examples_rclcpp_minimal_action_server/ament_lint_cmake/lint_cmake.txt" "--command" "D:/Troy/Extra Curriculars/Turtle/MazeBot/dev/ros2-windows/Scripts/ament_lint_cmake.exe" "--xunit-file" "D:/Troy/Extra Curriculars/Turtle/MazeBot/dev/ros2-mazebot-project/build/examples_rclcpp_minimal_action_server/test_results/examples_rclcpp_minimal_action_server/lint_cmake.xunit.xml"</FullCommandLine>
			<Results>
				<NamedMeasurement type="numeric/double" name="Execution Time">
					<Value>0.720828</Value>
				</NamedMeasurement>
				<NamedMeasurement type="numeric/double" name="Processors">
					<Value>1</Value>
				</NamedMeasurement>
				<NamedMeasurement type="text/string" name="Completion Status">
					<Value>Completed</Value>
				</NamedMeasurement>
				<NamedMeasurement type="text/string" name="Command Line">
					<Value>C:\Python38\python.exe "-u" "D:/Troy/Extra Curriculars/Turtle/MazeBot/dev/ros2-windows/share/ament_cmake_test/cmake/run_test.py" "D:/Troy/Extra Curriculars/Turtle/MazeBot/dev/ros2-mazebot-project/build/examples_rclcpp_minimal_action_server/test_results/examples_rclcpp_minimal_action_server/lint_cmake.xunit.xml" "--package-name" "examples_rclcpp_minimal_action_server" "--output-file" "D:/Troy/Extra Curriculars/Turtle/MazeBot/dev/ros2-mazebot-project/build/examples_rclcpp_minimal_action_server/ament_lint_cmake/lint_cmake.txt" "--command" "D:/Troy/Extra Curriculars/Turtle/MazeBot/dev/ros2-windows/Scripts/ament_lint_cmake.exe" "--xunit-file" "D:/Troy/Extra Curriculars/Turtle/MazeBot/dev/ros2-mazebot-project/build/examples_rclcpp_minimal_action_server/test_results/examples_rclcpp_minimal_action_server/lint_cmake.xunit.xml"</Value>
				</NamedMeasurement>
				<NamedMeasurement type="text/string" name="Environment">
					<Value>#CTEST_RESOURCE_GROUP_COUNT=</Value>
				</NamedMeasurement>
				<Measurement>
					<Value>-- run_test.py: invoking following command in 'D:\Troy\Extra Curriculars\Turtle\MazeBot\dev\ros2-mazebot-project\src\examples\rclcpp\actions\minimal_action_server':
 - D:/Troy/Extra Curriculars/Turtle/MazeBot/dev/ros2-windows/Scripts/ament_lint_cmake.exe --xunit-file D:/Troy/Extra Curriculars/Turtle/MazeBot/dev/ros2-mazebot-project/build/examples_rclcpp_minimal_action_server/test_results/examples_rclcpp_minimal_action_server/lint_cmake.xunit.xml

No problems found
-- run_test.py: return code 0
-- run_test.py: verify result file 'D:/Troy/Extra Curriculars/Turtle/MazeBot/dev/ros2-mazebot-project/build/examples_rclcpp_minimal_action_server/test_results/examples_rclcpp_minimal_action_server/lint_cmake.xunit.xml'
</Value>
				</Measurement>
			</Results>
			<Labels>
				<Label>lint_cmake</Label>
				<Label>linter</Label>
			</Labels>
		</Test>
		<Test Status="passed">
			<Name>uncrustify</Name>
			<Path>.</Path>
			<FullName>./uncrustify</FullName>
			<FullCommandLine>C:\Python38\python.exe "-u" "D:/Troy/Extra Curriculars/Turtle/MazeBot/dev/ros2-windows/share/ament_cmake_test/cmake/run_test.py" "D:/Troy/Extra Curriculars/Turtle/MazeBot/dev/ros2-mazebot-project/build/examples_rclcpp_minimal_action_server/test_results/examples_rclcpp_minimal_action_server/uncrustify.xunit.xml" "--package-name" "examples_rclcpp_minimal_action_server" "--output-file" "D:/Troy/Extra Curriculars/Turtle/MazeBot/dev/ros2-mazebot-project/build/examples_rclcpp_minimal_action_server/ament_uncrustify/uncrustify.txt" "--command" "D:/Troy/Extra Curriculars/Turtle/MazeBot/dev/ros2-windows/Scripts/ament_uncrustify.exe" "--xunit-file" "D:/Troy/Extra Curriculars/Turtle/MazeBot/dev/ros2-mazebot-project/build/examples_rclcpp_minimal_action_server/test_results/examples_rclcpp_minimal_action_server/uncrustify.xunit.xml"</FullCommandLine>
			<Results>
				<NamedMeasurement type="numeric/double" name="Execution Time">
					<Value>1.87615</Value>
				</NamedMeasurement>
				<NamedMeasurement type="numeric/double" name="Processors">
					<Value>1</Value>
				</NamedMeasurement>
				<NamedMeasurement type="text/string" name="Completion Status">
					<Value>Completed</Value>
				</NamedMeasurement>
				<NamedMeasurement type="text/string" name="Command Line">
					<Value>C:\Python38\python.exe "-u" "D:/Troy/Extra Curriculars/Turtle/MazeBot/dev/ros2-windows/share/ament_cmake_test/cmake/run_test.py" "D:/Troy/Extra Curriculars/Turtle/MazeBot/dev/ros2-mazebot-project/build/examples_rclcpp_minimal_action_server/test_results/examples_rclcpp_minimal_action_server/uncrustify.xunit.xml" "--package-name" "examples_rclcpp_minimal_action_server" "--output-file" "D:/Troy/Extra Curriculars/Turtle/MazeBot/dev/ros2-mazebot-project/build/examples_rclcpp_minimal_action_server/ament_uncrustify/uncrustify.txt" "--command" "D:/Troy/Extra Curriculars/Turtle/MazeBot/dev/ros2-windows/Scripts/ament_uncrustify.exe" "--xunit-file" "D:/Troy/Extra Curriculars/Turtle/MazeBot/dev/ros2-mazebot-project/build/examples_rclcpp_minimal_action_server/test_results/examples_rclcpp_minimal_action_server/uncrustify.xunit.xml"</Value>
				</NamedMeasurement>
				<NamedMeasurement type="text/string" name="Environment">
					<Value>#CTEST_RESOURCE_GROUP_COUNT=</Value>
				</NamedMeasurement>
				<Measurement>
					<Value>-- run_test.py: invoking following command in 'D:\Troy\Extra Curriculars\Turtle\MazeBot\dev\ros2-mazebot-project\src\examples\rclcpp\actions\minimal_action_server':
 - D:/Troy/Extra Curriculars/Turtle/MazeBot/dev/ros2-windows/Scripts/ament_uncrustify.exe --xunit-file D:/Troy/Extra Curriculars/Turtle/MazeBot/dev/ros2-mazebot-project/build/examples_rclcpp_minimal_action_server/test_results/examples_rclcpp_minimal_action_server/uncrustify.xunit.xml
No code style divergence in file 'member_functions.cpp'

No code style divergence in file 'not_composable.cpp'

No problems found
-- run_test.py: return code 0
-- run_test.py: verify result file 'D:/Troy/Extra Curriculars/Turtle/MazeBot/dev/ros2-mazebot-project/build/examples_rclcpp_minimal_action_server/test_results/examples_rclcpp_minimal_action_server/uncrustify.xunit.xml'
</Value>
				</Measurement>
			</Results>
			<Labels>
				<Label>linter</Label>
				<Label>uncrustify</Label>
			</Labels>
		</Test>
		<Test Status="passed">
			<Name>xmllint</Name>
			<Path>.</Path>
			<FullName>./xmllint</FullName>
			<FullCommandLine>C:\Python38\python.exe "-u" "D:/Troy/Extra Curriculars/Turtle/MazeBot/dev/ros2-windows/share/ament_cmake_test/cmake/run_test.py" "D:/Troy/Extra Curriculars/Turtle/MazeBot/dev/ros2-mazebot-project/build/examples_rclcpp_minimal_action_server/test_results/examples_rclcpp_minimal_action_server/xmllint.xunit.xml" "--package-name" "examples_rclcpp_minimal_action_server" "--output-file" "D:/Troy/Extra Curriculars/Turtle/MazeBot/dev/ros2-mazebot-project/build/examples_rclcpp_minimal_action_server/ament_xmllint/xmllint.txt" "--command" "D:/Troy/Extra Curriculars/Turtle/MazeBot/dev/ros2-windows/Scripts/ament_xmllint.exe" "--xunit-file" "D:/Troy/Extra Curriculars/Turtle/MazeBot/dev/ros2-mazebot-project/build/examples_rclcpp_minimal_action_server/test_results/examples_rclcpp_minimal_action_server/xmllint.xunit.xml"</FullCommandLine>
			<Results>
				<NamedMeasurement type="numeric/double" name="Execution Time">
					<Value>1.25363</Value>
				</NamedMeasurement>
				<NamedMeasurement type="numeric/double" name="Processors">
					<Value>1</Value>
				</NamedMeasurement>
				<NamedMeasurement type="text/string" name="Completion Status">
					<Value>Completed</Value>
				</NamedMeasurement>
				<NamedMeasurement type="text/string" name="Command Line">
					<Value>C:\Python38\python.exe "-u" "D:/Troy/Extra Curriculars/Turtle/MazeBot/dev/ros2-windows/share/ament_cmake_test/cmake/run_test.py" "D:/Troy/Extra Curriculars/Turtle/MazeBot/dev/ros2-mazebot-project/build/examples_rclcpp_minimal_action_server/test_results/examples_rclcpp_minimal_action_server/xmllint.xunit.xml" "--package-name" "examples_rclcpp_minimal_action_server" "--output-file" "D:/Troy/Extra Curriculars/Turtle/MazeBot/dev/ros2-mazebot-project/build/examples_rclcpp_minimal_action_server/ament_xmllint/xmllint.txt" "--command" "D:/Troy/Extra Curriculars/Turtle/MazeBot/dev/ros2-windows/Scripts/ament_xmllint.exe" "--xunit-file" "D:/Troy/Extra Curriculars/Turtle/MazeBot/dev/ros2-mazebot-project/build/examples_rclcpp_minimal_action_server/test_results/examples_rclcpp_minimal_action_server/xmllint.xunit.xml"</Value>
				</NamedMeasurement>
				<NamedMeasurement type="text/string" name="Environment">
					<Value>#CTEST_RESOURCE_GROUP_COUNT=</Value>
				</NamedMeasurement>
				<Measurement>
					<Value>-- run_test.py: invoking following command in 'D:\Troy\Extra Curriculars\Turtle\MazeBot\dev\ros2-mazebot-project\src\examples\rclcpp\actions\minimal_action_server':
 - D:/Troy/Extra Curriculars/Turtle/MazeBot/dev/ros2-windows/Scripts/ament_xmllint.exe --xunit-file D:/Troy/Extra Curriculars/Turtle/MazeBot/dev/ros2-mazebot-project/build/examples_rclcpp_minimal_action_server/test_results/examples_rclcpp_minimal_action_server/xmllint.xunit.xml
File 'package.xml' is valid

No problems found
-- run_test.py: return code 0
-- run_test.py: verify result file 'D:/Troy/Extra Curriculars/Turtle/MazeBot/dev/ros2-mazebot-project/build/examples_rclcpp_minimal_action_server/test_results/examples_rclcpp_minimal_action_server/xmllint.xunit.xml'
</Value>
				</Measurement>
			</Results>
			<Labels>
				<Label>linter</Label>
				<Label>xmllint</Label>
			</Labels>
		</Test>
		<EndDateTime>Mar 06 17:47 Central Standard Time</EndDateTime>
		<EndTestTime>1646610455</EndTestTime>
		<ElapsedMinutes>0</ElapsedMinutes>
	</Testing>
</Site>
