<?xml version="1.0" encoding="utf-8"?><testsuites><testsuite name="pytest" errors="0" failures="0" skipped="0" tests="3" time="2.683" timestamp="2022-03-06T17:47:39.096199" hostname="LAPTOP-JG45OIBM"><testcase classname="examples_rclpy_executors.executors.test.test_copyright" name="test_copyright" time="1.535" /><testcase classname="examples_rclpy_executors.executors.test.test_flake8" name="test_flake8" time="0.586" /><testcase classname="examples_rclpy_executors.executors.test.test_pep257" name="test_pep257" time="0.073" /></testsuite></testsuites>